{
  "RSpec": {
    "coverage": {
      "/Users/benoist/Dropbox/rails/resourcemq/lib/resource_mq.rb": [
        1,
        1,
        1,
        1,
        1,
        1,
        1,
        1,
        1,
        1,
        1,
        null,
        1,
        1,
        null,
        1,
        1,
        null,
        1,
        1,
        1,
        null,
        null,
        1,
        1,
        1,
        1,
        1,
        null
      ],
      "/Users/benoist/Dropbox/rails/resourcemq/lib/resource_mq/message.rb": [
        1,
        1,
        1,
        null,
        null,
        1,
        null,
        1,
        null,
        1,
        1,
        45,
        null,
        null,
        1,
        5,
        5,
        5,
        5,
        null,
        null,
        1,
        4,
        4,
        4,
        4,
        null,
        null,
        1,
        2,
        2,
        2,
        2,
        null,
        null,
        1,
        11,
        5,
        57,
        null,
        null,
        null,
        1,
        137,
        130,
        null,
        7,
        null,
        null,
        null,
        null,
        1,
        null,
        1,
        24,
        11,
        null,
        13,
        null,
        null,
        null,
        1,
        23,
        21,
        null,
        2,
        null,
        null,
        null,
        null
      ],
      "/Users/benoist/Dropbox/rails/resourcemq/lib/resource_mq/list_message.rb": [
        1,
        1,
        1,
        null,
        null,
        1,
        null,
        1,
        1,
        8,
        1,
        1,
        null,
        null,
        null,
        1,
        7,
        6,
        6,
        null,
        1,
        null,
        null,
        null,
        1,
        null,
        1,
        6,
        6,
        24,
        null,
        null,
        null,
        null
      ],
      "/Users/benoist/Dropbox/rails/resourcemq/spec/lib/resource_mq/message_spec.rb": [
        1,
        null,
        1,
        1,
        6,
        null,
        null,
        null,
        1,
        1,
        null,
        1,
        1,
        1,
        1,
        null,
        null,
        1,
        7,
        13,
        null,
        1,
        1,
        1,
        null,
        null,
        null,
        1,
        1,
        1,
        null,
        null,
        null,
        1,
        1,
        1,
        1,
        null,
        null,
        null,
        null,
        1,
        1,
        1,
        null,
        null,
        null,
        null,
        null,
        null,
        null,
        null,
        1,
        1,
        1,
        null,
        null,
        null,
        null,
        null,
        null,
        null,
        null,
        1,
        1,
        1,
        1,
        null,
        null,
        1,
        1,
        1,
        null,
        1,
        null,
        null,
        null,
        1,
        1,
        1,
        1,
        null,
        1,
        null,
        1,
        null,
        null,
        null,
        null,
        null,
        null,
        null,
        null,
        null
      ],
      "/Users/benoist/Dropbox/rails/resourcemq/spec/lib/resource_mq/request_spec.rb": [
        1,
        null,
        1,
        5,
        1,
        1,
        1,
        1,
        null,
        1,
        null,
        null,
        1,
        1,
        1,
        1,
        null,
        1,
        null,
        null,
        1,
        1,
        1,
        1,
        null,
        1,
        null,
        null,
        1,
        1,
        1,
        1,
        null,
        null
      ],
      "/Users/benoist/Dropbox/rails/resourcemq/lib/resource_mq/request.rb": [
        1,
        1,
        1,
        null,
        1,
        null,
        1,
        1,
        1,
        null,
        null
      ],
      "/Users/benoist/Dropbox/rails/resourcemq/spec/lib/resource_mq/server_spec.rb": [
        1,
        null,
        1,
        1,
        4,
        4,
        4,
        null,
        1,
        3,
        null,
        null,
        1,
        1,
        1,
        null,
        null,
        1,
        1,
        1,
        null,
        null,
        1,
        1,
        1,
        null,
        null,
        null
      ],
      "/Users/benoist/Dropbox/rails/resourcemq/lib/resource_mq/server.rb": [
        1,
        1,
        1,
        0,
        null,
        null,
        1,
        0,
        0,
        0,
        0,
        null,
        null,
        null,
        1,
        3,
        3,
        3,
        3,
        null,
        null,
        null
      ],
      "/Users/benoist/Dropbox/rails/resourcemq/spec/lib/resource_mq/service/base_spec.rb": [
        1,
        null,
        1,
        1,
        null,
        1,
        5,
        5,
        null,
        null,
        1,
        4,
        null,
        null,
        null,
        1,
        1,
        1,
        4,
        4,
        4,
        null,
        null,
        1,
        1,
        null,
        null,
        1,
        1,
        null,
        null,
        1,
        1,
        null,
        null,
        1,
        1,
        1,
        null,
        null,
        null,
        null,
        1,
        2,
        2,
        null,
        1,
        1,
        1,
        1,
        null,
        null,
        1,
        1,
        1,
        null,
        null,
        null
      ],
      "/Users/benoist/Dropbox/rails/resourcemq/lib/resource_mq/service/base.rb": [
        1,
        1,
        1,
        1,
        null,
        1,
        5,
        5,
        null,
        5,
        null,
        5,
        null,
        null,
        1,
        1,
        null,
        null,
        null,
        null
      ],
      "/Users/benoist/Dropbox/rails/resourcemq/spec/lib/resource_mq/service/dispatcher_spec.rb": [
        1,
        null,
        1,
        1,
        1,
        null,
        null,
        1,
        1,
        null,
        null,
        null,
        1,
        1,
        1,
        1,
        null,
        null,
        null,
        1,
        1,
        7,
        7,
        null,
        null,
        8,
        null,
        7,
        null,
        1,
        7,
        3,
        3,
        null,
        null,
        null,
        null,
        1,
        1,
        1,
        1,
        null,
        null,
        null,
        1,
        1,
        1,
        null,
        null,
        null,
        1,
        1,
        1,
        null,
        null,
        null,
        1,
        1,
        1,
        null,
        null,
        null,
        1,
        1,
        1,
        null,
        null,
        null,
        1,
        1,
        null,
        null,
        1,
        1,
        null,
        null,
        1,
        1,
        1,
        null,
        null,
        null
      ],
      "/Users/benoist/Dropbox/rails/resourcemq/lib/resource_mq/service/dispatcher.rb": [
        1,
        1,
        1,
        1,
        null,
        1,
        null,
        1,
        1,
        1,
        null,
        null,
        null,
        1,
        7,
        null,
        null,
        1,
        2,
        null,
        null,
        1,
        4,
        null,
        null,
        1,
        9,
        null,
        null,
        1,
        4,
        null,
        null,
        1,
        5,
        null,
        null,
        1,
        null,
        1,
        6,
        null,
        null,
        1,
        3,
        null,
        null,
        1,
        3,
        3,
        null,
        null,
        null,
        null
      ],
      "/Users/benoist/Dropbox/rails/resourcemq/spec/lib/resource_mq/service/router_spec.rb": [
        1,
        null,
        1,
        1,
        8,
        8,
        8,
        8,
        null,
        null,
        8,
        8,
        8,
        8,
        8,
        null,
        null,
        null,
        8,
        8,
        8,
        null,
        null,
        null,
        null,
        null,
        1,
        null,
        7,
        null,
        1,
        1,
        1,
        null,
        null,
        1,
        1,
        null,
        null,
        null,
        1,
        1,
        1,
        null,
        null,
        1,
        1,
        null,
        null,
        null,
        1,
        1,
        1,
        null,
        null,
        1,
        1,
        null,
        null,
        null,
        null,
        1,
        1,
        1,
        null,
        null,
        null,
        1,
        1,
        1,
        1,
        1,
        2,
        null,
        null,
        null
      ],
      "/Users/benoist/Dropbox/rails/resourcemq/lib/resource_mq/service/router.rb": [
        1,
        1,
        1,
        1,
        1,
        15,
        15,
        null,
        null,
        1,
        4,
        null,
        null,
        1,
        11,
        null,
        null,
        1,
        16,
        null,
        null,
        1,
        null,
        1,
        11,
        11,
        11,
        11,
        null,
        null,
        1,
        35,
        null,
        35,
        null,
        35,
        null,
        35,
        null,
        null,
        1,
        8,
        null,
        8,
        null,
        8,
        null,
        null,
        1,
        51,
        null,
        null,
        null,
        null,
        null
      ],
      "/Users/benoist/Dropbox/rails/resourcemq/lib/resource_mq/response.rb": [
        1,
        1,
        1,
        null,
        1,
        1,
        null,
        null,
        null
      ]
    },
    "timestamp": 1378228706
  }
}
